The system is: Linux - 2.6.32-431.24.1.el6.x86_64 - x86_64
Compiling the C compiler identification source file "CMakeCCompilerId.c" succeeded.
Compiler: /usr/pic1/packages/gcc/bin/gcc 
Build flags: 
Id flags: 

The output was:
0


Compilation of the C compiler identification source "CMakeCCompilerId.c" produced "a.out"

The C compiler identification is GNU, found in "/usr/pic1/Projects/SourceArea/CodeSamples/Json/CMakeFiles/3.3.0/CompilerIdC/a.out"

Compiling the CXX compiler identification source file "CMakeCXXCompilerId.cpp" succeeded.
Compiler: /usr/pic1/packages/gcc/bin/g++ 
Build flags: 
Id flags: 

The output was:
0


Compilation of the CXX compiler identification source "CMakeCXXCompilerId.cpp" produced "a.out"

The CXX compiler identification is GNU, found in "/usr/pic1/Projects/SourceArea/CodeSamples/Json/CMakeFiles/3.3.0/CompilerIdCXX/a.out"

Determining if the C compiler works passed with the following output:
Change Dir: /usr/pic1/Projects/SourceArea/CodeSamples/Json/CMakeFiles/CMakeTmp

Run Build Command:"/usr/bin/gmake" "cmTC_a8d7a/fast"
/usr/bin/gmake -f CMakeFiles/cmTC_a8d7a.dir/build.make CMakeFiles/cmTC_a8d7a.dir/build
gmake[1]: Entering directory `/usr/pic1/Projects/SourceArea/CodeSamples/Json/CMakeFiles/CMakeTmp'
Building C object CMakeFiles/cmTC_a8d7a.dir/testCCompiler.c.o
/usr/pic1/packages/gcc/bin/gcc    -o CMakeFiles/cmTC_a8d7a.dir/testCCompiler.c.o   -c /usr/pic1/Projects/SourceArea/CodeSamples/Json/CMakeFiles/CMakeTmp/testCCompiler.c
Linking C executable cmTC_a8d7a
/usr/pic1/packages/gcc/bin/cmake -E cmake_link_script CMakeFiles/cmTC_a8d7a.dir/link.txt --verbose=1
/usr/pic1/packages/gcc/bin/gcc       CMakeFiles/cmTC_a8d7a.dir/testCCompiler.c.o  -o cmTC_a8d7a -rdynamic 
gmake[1]: Leaving directory `/usr/pic1/Projects/SourceArea/CodeSamples/Json/CMakeFiles/CMakeTmp'


Detecting C compiler ABI info compiled with the following output:
Change Dir: /usr/pic1/Projects/SourceArea/CodeSamples/Json/CMakeFiles/CMakeTmp

Run Build Command:"/usr/bin/gmake" "cmTC_b55de/fast"
/usr/bin/gmake -f CMakeFiles/cmTC_b55de.dir/build.make CMakeFiles/cmTC_b55de.dir/build
gmake[1]: Entering directory `/usr/pic1/Projects/SourceArea/CodeSamples/Json/CMakeFiles/CMakeTmp'
Building C object CMakeFiles/cmTC_b55de.dir/CMakeCCompilerABI.c.o
/usr/pic1/packages/gcc/bin/gcc    -o CMakeFiles/cmTC_b55de.dir/CMakeCCompilerABI.c.o   -c /usr/pic1/packages/gcc/share/cmake-3.3/Modules/CMakeCCompilerABI.c
Linking C executable cmTC_b55de
/usr/pic1/packages/gcc/bin/cmake -E cmake_link_script CMakeFiles/cmTC_b55de.dir/link.txt --verbose=1
/usr/pic1/packages/gcc/bin/gcc      -v CMakeFiles/cmTC_b55de.dir/CMakeCCompilerABI.c.o  -o cmTC_b55de -rdynamic  
Using built-in specs.
COLLECT_GCC=/usr/pic1/packages/gcc/bin/gcc
COLLECT_LTO_WRAPPER=/usr/pic1/packages/gcc/libexec/gcc/x86_64-unknown-linux-gnu/5.1.0/lto-wrapper
Target: x86_64-unknown-linux-gnu
Configured with: ./configure --prefix=/usr/pic1/packages/gcc --with-gmp=/usr/pic1/packages/gcc --with-mpfr=/usr/pic1/packages/gcc --htmldir=/usr/pic1/packages/gcc/gcc-doc/html --pdfdir=/usr/pic1/packages/gcc/gcc-doc/pdf --disable-multilib
Thread model: posix
gcc version 5.1.0 (GCC) 
COMPILER_PATH=/usr/pic1/packages/gcc/libexec/gcc/x86_64-unknown-linux-gnu/5.1.0/:/usr/pic1/packages/gcc/libexec/gcc/x86_64-unknown-linux-gnu/5.1.0/:/usr/pic1/packages/gcc/libexec/gcc/x86_64-unknown-linux-gnu/:/usr/pic1/packages/gcc/lib/gcc/x86_64-unknown-linux-gnu/5.1.0/:/usr/pic1/packages/gcc/lib/gcc/x86_64-unknown-linux-gnu/
LIBRARY_PATH=/usr/pic1/packages/gcc/lib/gcc/x86_64-unknown-linux-gnu/5.1.0/:/usr/pic1/packages/gcc/lib/gcc/x86_64-unknown-linux-gnu/5.1.0/../../../../lib64/:/lib/../lib64/:/usr/lib/../lib64/:/usr/pic1/packages/gcc/lib/gcc/x86_64-unknown-linux-gnu/5.1.0/../../../:/lib/:/usr/lib/
COLLECT_GCC_OPTIONS='-v' '-o' 'cmTC_b55de' '-rdynamic' '-mtune=generic' '-march=x86-64'
 /usr/pic1/packages/gcc/libexec/gcc/x86_64-unknown-linux-gnu/5.1.0/collect2 --eh-frame-hdr -m elf_x86_64 -export-dynamic -dynamic-linker /lib64/ld-linux-x86-64.so.2 -o cmTC_b55de /usr/lib/../lib64/crt1.o /usr/lib/../lib64/crti.o /usr/pic1/packages/gcc/lib/gcc/x86_64-unknown-linux-gnu/5.1.0/crtbegin.o -L/usr/pic1/packages/gcc/lib/gcc/x86_64-unknown-linux-gnu/5.1.0 -L/usr/pic1/packages/gcc/lib/gcc/x86_64-unknown-linux-gnu/5.1.0/../../../../lib64 -L/lib/../lib64 -L/usr/lib/../lib64 -L/usr/pic1/packages/gcc/lib/gcc/x86_64-unknown-linux-gnu/5.1.0/../../.. CMakeFiles/cmTC_b55de.dir/CMakeCCompilerABI.c.o -lgcc --as-needed -lgcc_s --no-as-needed -lc -lgcc --as-needed -lgcc_s --no-as-needed /usr/pic1/packages/gcc/lib/gcc/x86_64-unknown-linux-gnu/5.1.0/crtend.o /usr/lib/../lib64/crtn.o
gmake[1]: Leaving directory `/usr/pic1/Projects/SourceArea/CodeSamples/Json/CMakeFiles/CMakeTmp'


Parsed C implicit link information from above output:
  link line regex: [^( *|.*[/\])(ld|([^/\]+-)?ld|collect2)[^/\]*( |$)]
  ignore line: [Change Dir: /usr/pic1/Projects/SourceArea/CodeSamples/Json/CMakeFiles/CMakeTmp]
  ignore line: []
  ignore line: [Run Build Command:"/usr/bin/gmake" "cmTC_b55de/fast"]
  ignore line: [/usr/bin/gmake -f CMakeFiles/cmTC_b55de.dir/build.make CMakeFiles/cmTC_b55de.dir/build]
  ignore line: [gmake[1]: Entering directory `/usr/pic1/Projects/SourceArea/CodeSamples/Json/CMakeFiles/CMakeTmp']
  ignore line: [Building C object CMakeFiles/cmTC_b55de.dir/CMakeCCompilerABI.c.o]
  ignore line: [/usr/pic1/packages/gcc/bin/gcc    -o CMakeFiles/cmTC_b55de.dir/CMakeCCompilerABI.c.o   -c /usr/pic1/packages/gcc/share/cmake-3.3/Modules/CMakeCCompilerABI.c]
  ignore line: [Linking C executable cmTC_b55de]
  ignore line: [/usr/pic1/packages/gcc/bin/cmake -E cmake_link_script CMakeFiles/cmTC_b55de.dir/link.txt --verbose=1]
  ignore line: [/usr/pic1/packages/gcc/bin/gcc      -v CMakeFiles/cmTC_b55de.dir/CMakeCCompilerABI.c.o  -o cmTC_b55de -rdynamic  ]
  ignore line: [Using built-in specs.]
  ignore line: [COLLECT_GCC=/usr/pic1/packages/gcc/bin/gcc]
  ignore line: [COLLECT_LTO_WRAPPER=/usr/pic1/packages/gcc/libexec/gcc/x86_64-unknown-linux-gnu/5.1.0/lto-wrapper]
  ignore line: [Target: x86_64-unknown-linux-gnu]
  ignore line: [Configured with: ./configure --prefix=/usr/pic1/packages/gcc --with-gmp=/usr/pic1/packages/gcc --with-mpfr=/usr/pic1/packages/gcc --htmldir=/usr/pic1/packages/gcc/gcc-doc/html --pdfdir=/usr/pic1/packages/gcc/gcc-doc/pdf --disable-multilib]
  ignore line: [Thread model: posix]
  ignore line: [gcc version 5.1.0 (GCC) ]
  ignore line: [COMPILER_PATH=/usr/pic1/packages/gcc/libexec/gcc/x86_64-unknown-linux-gnu/5.1.0/:/usr/pic1/packages/gcc/libexec/gcc/x86_64-unknown-linux-gnu/5.1.0/:/usr/pic1/packages/gcc/libexec/gcc/x86_64-unknown-linux-gnu/:/usr/pic1/packages/gcc/lib/gcc/x86_64-unknown-linux-gnu/5.1.0/:/usr/pic1/packages/gcc/lib/gcc/x86_64-unknown-linux-gnu/]
  ignore line: [LIBRARY_PATH=/usr/pic1/packages/gcc/lib/gcc/x86_64-unknown-linux-gnu/5.1.0/:/usr/pic1/packages/gcc/lib/gcc/x86_64-unknown-linux-gnu/5.1.0/../../../../lib64/:/lib/../lib64/:/usr/lib/../lib64/:/usr/pic1/packages/gcc/lib/gcc/x86_64-unknown-linux-gnu/5.1.0/../../../:/lib/:/usr/lib/]
  ignore line: [COLLECT_GCC_OPTIONS='-v' '-o' 'cmTC_b55de' '-rdynamic' '-mtune=generic' '-march=x86-64']
  link line: [ /usr/pic1/packages/gcc/libexec/gcc/x86_64-unknown-linux-gnu/5.1.0/collect2 --eh-frame-hdr -m elf_x86_64 -export-dynamic -dynamic-linker /lib64/ld-linux-x86-64.so.2 -o cmTC_b55de /usr/lib/../lib64/crt1.o /usr/lib/../lib64/crti.o /usr/pic1/packages/gcc/lib/gcc/x86_64-unknown-linux-gnu/5.1.0/crtbegin.o -L/usr/pic1/packages/gcc/lib/gcc/x86_64-unknown-linux-gnu/5.1.0 -L/usr/pic1/packages/gcc/lib/gcc/x86_64-unknown-linux-gnu/5.1.0/../../../../lib64 -L/lib/../lib64 -L/usr/lib/../lib64 -L/usr/pic1/packages/gcc/lib/gcc/x86_64-unknown-linux-gnu/5.1.0/../../.. CMakeFiles/cmTC_b55de.dir/CMakeCCompilerABI.c.o -lgcc --as-needed -lgcc_s --no-as-needed -lc -lgcc --as-needed -lgcc_s --no-as-needed /usr/pic1/packages/gcc/lib/gcc/x86_64-unknown-linux-gnu/5.1.0/crtend.o /usr/lib/../lib64/crtn.o]
    arg [/usr/pic1/packages/gcc/libexec/gcc/x86_64-unknown-linux-gnu/5.1.0/collect2] ==> ignore
    arg [--eh-frame-hdr] ==> ignore
    arg [-m] ==> ignore
    arg [elf_x86_64] ==> ignore
    arg [-export-dynamic] ==> ignore
    arg [-dynamic-linker] ==> ignore
    arg [/lib64/ld-linux-x86-64.so.2] ==> ignore
    arg [-o] ==> ignore
    arg [cmTC_b55de] ==> ignore
    arg [/usr/lib/../lib64/crt1.o] ==> ignore
    arg [/usr/lib/../lib64/crti.o] ==> ignore
    arg [/usr/pic1/packages/gcc/lib/gcc/x86_64-unknown-linux-gnu/5.1.0/crtbegin.o] ==> ignore
    arg [-L/usr/pic1/packages/gcc/lib/gcc/x86_64-unknown-linux-gnu/5.1.0] ==> dir [/usr/pic1/packages/gcc/lib/gcc/x86_64-unknown-linux-gnu/5.1.0]
    arg [-L/usr/pic1/packages/gcc/lib/gcc/x86_64-unknown-linux-gnu/5.1.0/../../../../lib64] ==> dir [/usr/pic1/packages/gcc/lib/gcc/x86_64-unknown-linux-gnu/5.1.0/../../../../lib64]
    arg [-L/lib/../lib64] ==> dir [/lib/../lib64]
    arg [-L/usr/lib/../lib64] ==> dir [/usr/lib/../lib64]
    arg [-L/usr/pic1/packages/gcc/lib/gcc/x86_64-unknown-linux-gnu/5.1.0/../../..] ==> dir [/usr/pic1/packages/gcc/lib/gcc/x86_64-unknown-linux-gnu/5.1.0/../../..]
    arg [CMakeFiles/cmTC_b55de.dir/CMakeCCompilerABI.c.o] ==> ignore
    arg [-lgcc] ==> lib [gcc]
    arg [--as-needed] ==> ignore
    arg [-lgcc_s] ==> lib [gcc_s]
    arg [--no-as-needed] ==> ignore
    arg [-lc] ==> lib [c]
    arg [-lgcc] ==> lib [gcc]
    arg [--as-needed] ==> ignore
    arg [-lgcc_s] ==> lib [gcc_s]
    arg [--no-as-needed] ==> ignore
    arg [/usr/pic1/packages/gcc/lib/gcc/x86_64-unknown-linux-gnu/5.1.0/crtend.o] ==> ignore
    arg [/usr/lib/../lib64/crtn.o] ==> ignore
  remove lib [gcc]
  remove lib [gcc_s]
  remove lib [gcc]
  remove lib [gcc_s]
  collapse library dir [/usr/pic1/packages/gcc/lib/gcc/x86_64-unknown-linux-gnu/5.1.0] ==> [/usr/pic1/packages/gcc/lib/gcc/x86_64-unknown-linux-gnu/5.1.0]
  collapse library dir [/usr/pic1/packages/gcc/lib/gcc/x86_64-unknown-linux-gnu/5.1.0/../../../../lib64] ==> [/usr/pic1/packages/gcc/lib64]
  collapse library dir [/lib/../lib64] ==> [/lib64]
  collapse library dir [/usr/lib/../lib64] ==> [/usr/lib64]
  collapse library dir [/usr/pic1/packages/gcc/lib/gcc/x86_64-unknown-linux-gnu/5.1.0/../../..] ==> [/usr/pic1/packages/gcc/lib]
  implicit libs: [c]
  implicit dirs: [/usr/pic1/packages/gcc/lib/gcc/x86_64-unknown-linux-gnu/5.1.0;/usr/pic1/packages/gcc/lib64;/lib64;/usr/lib64;/usr/pic1/packages/gcc/lib]
  implicit fwks: []




Detecting C [-std=c11] compiler features compiled with the following output:
Change Dir: /usr/pic1/Projects/SourceArea/CodeSamples/Json/CMakeFiles/CMakeTmp

Run Build Command:"/usr/bin/gmake" "cmTC_18a50/fast"
/usr/bin/gmake -f CMakeFiles/cmTC_18a50.dir/build.make CMakeFiles/cmTC_18a50.dir/build
gmake[1]: Entering directory `/usr/pic1/Projects/SourceArea/CodeSamples/Json/CMakeFiles/CMakeTmp'
Building C object CMakeFiles/cmTC_18a50.dir/feature_tests.c.o
/usr/pic1/packages/gcc/bin/gcc   -std=c11 -o CMakeFiles/cmTC_18a50.dir/feature_tests.c.o   -c /usr/pic1/Projects/SourceArea/CodeSamples/Json/CMakeFiles/feature_tests.c
Linking C executable cmTC_18a50
/usr/pic1/packages/gcc/bin/cmake -E cmake_link_script CMakeFiles/cmTC_18a50.dir/link.txt --verbose=1
/usr/pic1/packages/gcc/bin/gcc       CMakeFiles/cmTC_18a50.dir/feature_tests.c.o  -o cmTC_18a50 -rdynamic 
gmake[1]: Leaving directory `/usr/pic1/Projects/SourceArea/CodeSamples/Json/CMakeFiles/CMakeTmp'


    Feature record: C_FEATURE:1c_function_prototypes
    Feature record: C_FEATURE:1c_restrict
    Feature record: C_FEATURE:1c_static_assert
    Feature record: C_FEATURE:1c_variadic_macros


Detecting C [-std=c99] compiler features compiled with the following output:
Change Dir: /usr/pic1/Projects/SourceArea/CodeSamples/Json/CMakeFiles/CMakeTmp

Run Build Command:"/usr/bin/gmake" "cmTC_fc6fd/fast"
/usr/bin/gmake -f CMakeFiles/cmTC_fc6fd.dir/build.make CMakeFiles/cmTC_fc6fd.dir/build
gmake[1]: Entering directory `/usr/pic1/Projects/SourceArea/CodeSamples/Json/CMakeFiles/CMakeTmp'
Building C object CMakeFiles/cmTC_fc6fd.dir/feature_tests.c.o
/usr/pic1/packages/gcc/bin/gcc   -std=c99 -o CMakeFiles/cmTC_fc6fd.dir/feature_tests.c.o   -c /usr/pic1/Projects/SourceArea/CodeSamples/Json/CMakeFiles/feature_tests.c
Linking C executable cmTC_fc6fd
/usr/pic1/packages/gcc/bin/cmake -E cmake_link_script CMakeFiles/cmTC_fc6fd.dir/link.txt --verbose=1
/usr/pic1/packages/gcc/bin/gcc       CMakeFiles/cmTC_fc6fd.dir/feature_tests.c.o  -o cmTC_fc6fd -rdynamic 
gmake[1]: Leaving directory `/usr/pic1/Projects/SourceArea/CodeSamples/Json/CMakeFiles/CMakeTmp'


    Feature record: C_FEATURE:1c_function_prototypes
    Feature record: C_FEATURE:1c_restrict
    Feature record: C_FEATURE:0c_static_assert
    Feature record: C_FEATURE:1c_variadic_macros


Detecting C [-std=c90] compiler features compiled with the following output:
Change Dir: /usr/pic1/Projects/SourceArea/CodeSamples/Json/CMakeFiles/CMakeTmp

Run Build Command:"/usr/bin/gmake" "cmTC_35b41/fast"
/usr/bin/gmake -f CMakeFiles/cmTC_35b41.dir/build.make CMakeFiles/cmTC_35b41.dir/build
gmake[1]: Entering directory `/usr/pic1/Projects/SourceArea/CodeSamples/Json/CMakeFiles/CMakeTmp'
Building C object CMakeFiles/cmTC_35b41.dir/feature_tests.c.o
/usr/pic1/packages/gcc/bin/gcc   -std=c90 -o CMakeFiles/cmTC_35b41.dir/feature_tests.c.o   -c /usr/pic1/Projects/SourceArea/CodeSamples/Json/CMakeFiles/feature_tests.c
Linking C executable cmTC_35b41
/usr/pic1/packages/gcc/bin/cmake -E cmake_link_script CMakeFiles/cmTC_35b41.dir/link.txt --verbose=1
/usr/pic1/packages/gcc/bin/gcc       CMakeFiles/cmTC_35b41.dir/feature_tests.c.o  -o cmTC_35b41 -rdynamic 
gmake[1]: Leaving directory `/usr/pic1/Projects/SourceArea/CodeSamples/Json/CMakeFiles/CMakeTmp'


    Feature record: C_FEATURE:1c_function_prototypes
    Feature record: C_FEATURE:0c_restrict
    Feature record: C_FEATURE:0c_static_assert
    Feature record: C_FEATURE:0c_variadic_macros
Determining if the CXX compiler works passed with the following output:
Change Dir: /usr/pic1/Projects/SourceArea/CodeSamples/Json/CMakeFiles/CMakeTmp

Run Build Command:"/usr/bin/gmake" "cmTC_d6a30/fast"
/usr/bin/gmake -f CMakeFiles/cmTC_d6a30.dir/build.make CMakeFiles/cmTC_d6a30.dir/build
gmake[1]: Entering directory `/usr/pic1/Projects/SourceArea/CodeSamples/Json/CMakeFiles/CMakeTmp'
Building CXX object CMakeFiles/cmTC_d6a30.dir/testCXXCompiler.cxx.o
/usr/pic1/packages/gcc/bin/g++     -o CMakeFiles/cmTC_d6a30.dir/testCXXCompiler.cxx.o -c /usr/pic1/Projects/SourceArea/CodeSamples/Json/CMakeFiles/CMakeTmp/testCXXCompiler.cxx
Linking CXX executable cmTC_d6a30
/usr/pic1/packages/gcc/bin/cmake -E cmake_link_script CMakeFiles/cmTC_d6a30.dir/link.txt --verbose=1
/usr/pic1/packages/gcc/bin/g++        CMakeFiles/cmTC_d6a30.dir/testCXXCompiler.cxx.o  -o cmTC_d6a30 -rdynamic 
gmake[1]: Leaving directory `/usr/pic1/Projects/SourceArea/CodeSamples/Json/CMakeFiles/CMakeTmp'


Detecting CXX compiler ABI info compiled with the following output:
Change Dir: /usr/pic1/Projects/SourceArea/CodeSamples/Json/CMakeFiles/CMakeTmp

Run Build Command:"/usr/bin/gmake" "cmTC_7137d/fast"
/usr/bin/gmake -f CMakeFiles/cmTC_7137d.dir/build.make CMakeFiles/cmTC_7137d.dir/build
gmake[1]: Entering directory `/usr/pic1/Projects/SourceArea/CodeSamples/Json/CMakeFiles/CMakeTmp'
Building CXX object CMakeFiles/cmTC_7137d.dir/CMakeCXXCompilerABI.cpp.o
/usr/pic1/packages/gcc/bin/g++     -o CMakeFiles/cmTC_7137d.dir/CMakeCXXCompilerABI.cpp.o -c /usr/pic1/packages/gcc/share/cmake-3.3/Modules/CMakeCXXCompilerABI.cpp
Linking CXX executable cmTC_7137d
/usr/pic1/packages/gcc/bin/cmake -E cmake_link_script CMakeFiles/cmTC_7137d.dir/link.txt --verbose=1
/usr/pic1/packages/gcc/bin/g++       -v CMakeFiles/cmTC_7137d.dir/CMakeCXXCompilerABI.cpp.o  -o cmTC_7137d -rdynamic  
Using built-in specs.
COLLECT_GCC=/usr/pic1/packages/gcc/bin/g++
COLLECT_LTO_WRAPPER=/usr/pic1/packages/gcc/libexec/gcc/x86_64-unknown-linux-gnu/5.1.0/lto-wrapper
Target: x86_64-unknown-linux-gnu
Configured with: ./configure --prefix=/usr/pic1/packages/gcc --with-gmp=/usr/pic1/packages/gcc --with-mpfr=/usr/pic1/packages/gcc --htmldir=/usr/pic1/packages/gcc/gcc-doc/html --pdfdir=/usr/pic1/packages/gcc/gcc-doc/pdf --disable-multilib
Thread model: posix
gcc version 5.1.0 (GCC) 
COMPILER_PATH=/usr/pic1/packages/gcc/libexec/gcc/x86_64-unknown-linux-gnu/5.1.0/:/usr/pic1/packages/gcc/libexec/gcc/x86_64-unknown-linux-gnu/5.1.0/:/usr/pic1/packages/gcc/libexec/gcc/x86_64-unknown-linux-gnu/:/usr/pic1/packages/gcc/lib/gcc/x86_64-unknown-linux-gnu/5.1.0/:/usr/pic1/packages/gcc/lib/gcc/x86_64-unknown-linux-gnu/
LIBRARY_PATH=/usr/pic1/packages/gcc/lib/gcc/x86_64-unknown-linux-gnu/5.1.0/:/usr/pic1/packages/gcc/lib/gcc/x86_64-unknown-linux-gnu/5.1.0/../../../../lib64/:/lib/../lib64/:/usr/lib/../lib64/:/usr/pic1/packages/gcc/lib/gcc/x86_64-unknown-linux-gnu/5.1.0/../../../:/lib/:/usr/lib/
COLLECT_GCC_OPTIONS='-v' '-o' 'cmTC_7137d' '-rdynamic' '-shared-libgcc' '-mtune=generic' '-march=x86-64'
 /usr/pic1/packages/gcc/libexec/gcc/x86_64-unknown-linux-gnu/5.1.0/collect2 --eh-frame-hdr -m elf_x86_64 -export-dynamic -dynamic-linker /lib64/ld-linux-x86-64.so.2 -o cmTC_7137d /usr/lib/../lib64/crt1.o /usr/lib/../lib64/crti.o /usr/pic1/packages/gcc/lib/gcc/x86_64-unknown-linux-gnu/5.1.0/crtbegin.o -L/usr/pic1/packages/gcc/lib/gcc/x86_64-unknown-linux-gnu/5.1.0 -L/usr/pic1/packages/gcc/lib/gcc/x86_64-unknown-linux-gnu/5.1.0/../../../../lib64 -L/lib/../lib64 -L/usr/lib/../lib64 -L/usr/pic1/packages/gcc/lib/gcc/x86_64-unknown-linux-gnu/5.1.0/../../.. CMakeFiles/cmTC_7137d.dir/CMakeCXXCompilerABI.cpp.o -lstdc++ -lm -lgcc_s -lgcc -lc -lgcc_s -lgcc /usr/pic1/packages/gcc/lib/gcc/x86_64-unknown-linux-gnu/5.1.0/crtend.o /usr/lib/../lib64/crtn.o
gmake[1]: Leaving directory `/usr/pic1/Projects/SourceArea/CodeSamples/Json/CMakeFiles/CMakeTmp'


Parsed CXX implicit link information from above output:
  link line regex: [^( *|.*[/\])(ld|([^/\]+-)?ld|collect2)[^/\]*( |$)]
  ignore line: [Change Dir: /usr/pic1/Projects/SourceArea/CodeSamples/Json/CMakeFiles/CMakeTmp]
  ignore line: []
  ignore line: [Run Build Command:"/usr/bin/gmake" "cmTC_7137d/fast"]
  ignore line: [/usr/bin/gmake -f CMakeFiles/cmTC_7137d.dir/build.make CMakeFiles/cmTC_7137d.dir/build]
  ignore line: [gmake[1]: Entering directory `/usr/pic1/Projects/SourceArea/CodeSamples/Json/CMakeFiles/CMakeTmp']
  ignore line: [Building CXX object CMakeFiles/cmTC_7137d.dir/CMakeCXXCompilerABI.cpp.o]
  ignore line: [/usr/pic1/packages/gcc/bin/g++     -o CMakeFiles/cmTC_7137d.dir/CMakeCXXCompilerABI.cpp.o -c /usr/pic1/packages/gcc/share/cmake-3.3/Modules/CMakeCXXCompilerABI.cpp]
  ignore line: [Linking CXX executable cmTC_7137d]
  ignore line: [/usr/pic1/packages/gcc/bin/cmake -E cmake_link_script CMakeFiles/cmTC_7137d.dir/link.txt --verbose=1]
  ignore line: [/usr/pic1/packages/gcc/bin/g++       -v CMakeFiles/cmTC_7137d.dir/CMakeCXXCompilerABI.cpp.o  -o cmTC_7137d -rdynamic  ]
  ignore line: [Using built-in specs.]
  ignore line: [COLLECT_GCC=/usr/pic1/packages/gcc/bin/g++]
  ignore line: [COLLECT_LTO_WRAPPER=/usr/pic1/packages/gcc/libexec/gcc/x86_64-unknown-linux-gnu/5.1.0/lto-wrapper]
  ignore line: [Target: x86_64-unknown-linux-gnu]
  ignore line: [Configured with: ./configure --prefix=/usr/pic1/packages/gcc --with-gmp=/usr/pic1/packages/gcc --with-mpfr=/usr/pic1/packages/gcc --htmldir=/usr/pic1/packages/gcc/gcc-doc/html --pdfdir=/usr/pic1/packages/gcc/gcc-doc/pdf --disable-multilib]
  ignore line: [Thread model: posix]
  ignore line: [gcc version 5.1.0 (GCC) ]
  ignore line: [COMPILER_PATH=/usr/pic1/packages/gcc/libexec/gcc/x86_64-unknown-linux-gnu/5.1.0/:/usr/pic1/packages/gcc/libexec/gcc/x86_64-unknown-linux-gnu/5.1.0/:/usr/pic1/packages/gcc/libexec/gcc/x86_64-unknown-linux-gnu/:/usr/pic1/packages/gcc/lib/gcc/x86_64-unknown-linux-gnu/5.1.0/:/usr/pic1/packages/gcc/lib/gcc/x86_64-unknown-linux-gnu/]
  ignore line: [LIBRARY_PATH=/usr/pic1/packages/gcc/lib/gcc/x86_64-unknown-linux-gnu/5.1.0/:/usr/pic1/packages/gcc/lib/gcc/x86_64-unknown-linux-gnu/5.1.0/../../../../lib64/:/lib/../lib64/:/usr/lib/../lib64/:/usr/pic1/packages/gcc/lib/gcc/x86_64-unknown-linux-gnu/5.1.0/../../../:/lib/:/usr/lib/]
  ignore line: [COLLECT_GCC_OPTIONS='-v' '-o' 'cmTC_7137d' '-rdynamic' '-shared-libgcc' '-mtune=generic' '-march=x86-64']
  link line: [ /usr/pic1/packages/gcc/libexec/gcc/x86_64-unknown-linux-gnu/5.1.0/collect2 --eh-frame-hdr -m elf_x86_64 -export-dynamic -dynamic-linker /lib64/ld-linux-x86-64.so.2 -o cmTC_7137d /usr/lib/../lib64/crt1.o /usr/lib/../lib64/crti.o /usr/pic1/packages/gcc/lib/gcc/x86_64-unknown-linux-gnu/5.1.0/crtbegin.o -L/usr/pic1/packages/gcc/lib/gcc/x86_64-unknown-linux-gnu/5.1.0 -L/usr/pic1/packages/gcc/lib/gcc/x86_64-unknown-linux-gnu/5.1.0/../../../../lib64 -L/lib/../lib64 -L/usr/lib/../lib64 -L/usr/pic1/packages/gcc/lib/gcc/x86_64-unknown-linux-gnu/5.1.0/../../.. CMakeFiles/cmTC_7137d.dir/CMakeCXXCompilerABI.cpp.o -lstdc++ -lm -lgcc_s -lgcc -lc -lgcc_s -lgcc /usr/pic1/packages/gcc/lib/gcc/x86_64-unknown-linux-gnu/5.1.0/crtend.o /usr/lib/../lib64/crtn.o]
    arg [/usr/pic1/packages/gcc/libexec/gcc/x86_64-unknown-linux-gnu/5.1.0/collect2] ==> ignore
    arg [--eh-frame-hdr] ==> ignore
    arg [-m] ==> ignore
    arg [elf_x86_64] ==> ignore
    arg [-export-dynamic] ==> ignore
    arg [-dynamic-linker] ==> ignore
    arg [/lib64/ld-linux-x86-64.so.2] ==> ignore
    arg [-o] ==> ignore
    arg [cmTC_7137d] ==> ignore
    arg [/usr/lib/../lib64/crt1.o] ==> ignore
    arg [/usr/lib/../lib64/crti.o] ==> ignore
    arg [/usr/pic1/packages/gcc/lib/gcc/x86_64-unknown-linux-gnu/5.1.0/crtbegin.o] ==> ignore
    arg [-L/usr/pic1/packages/gcc/lib/gcc/x86_64-unknown-linux-gnu/5.1.0] ==> dir [/usr/pic1/packages/gcc/lib/gcc/x86_64-unknown-linux-gnu/5.1.0]
    arg [-L/usr/pic1/packages/gcc/lib/gcc/x86_64-unknown-linux-gnu/5.1.0/../../../../lib64] ==> dir [/usr/pic1/packages/gcc/lib/gcc/x86_64-unknown-linux-gnu/5.1.0/../../../../lib64]
    arg [-L/lib/../lib64] ==> dir [/lib/../lib64]
    arg [-L/usr/lib/../lib64] ==> dir [/usr/lib/../lib64]
    arg [-L/usr/pic1/packages/gcc/lib/gcc/x86_64-unknown-linux-gnu/5.1.0/../../..] ==> dir [/usr/pic1/packages/gcc/lib/gcc/x86_64-unknown-linux-gnu/5.1.0/../../..]
    arg [CMakeFiles/cmTC_7137d.dir/CMakeCXXCompilerABI.cpp.o] ==> ignore
    arg [-lstdc++] ==> lib [stdc++]
    arg [-lm] ==> lib [m]
    arg [-lgcc_s] ==> lib [gcc_s]
    arg [-lgcc] ==> lib [gcc]
    arg [-lc] ==> lib [c]
    arg [-lgcc_s] ==> lib [gcc_s]
    arg [-lgcc] ==> lib [gcc]
    arg [/usr/pic1/packages/gcc/lib/gcc/x86_64-unknown-linux-gnu/5.1.0/crtend.o] ==> ignore
    arg [/usr/lib/../lib64/crtn.o] ==> ignore
  remove lib [gcc_s]
  remove lib [gcc]
  remove lib [gcc_s]
  remove lib [gcc]
  collapse library dir [/usr/pic1/packages/gcc/lib/gcc/x86_64-unknown-linux-gnu/5.1.0] ==> [/usr/pic1/packages/gcc/lib/gcc/x86_64-unknown-linux-gnu/5.1.0]
  collapse library dir [/usr/pic1/packages/gcc/lib/gcc/x86_64-unknown-linux-gnu/5.1.0/../../../../lib64] ==> [/usr/pic1/packages/gcc/lib64]
  collapse library dir [/lib/../lib64] ==> [/lib64]
  collapse library dir [/usr/lib/../lib64] ==> [/usr/lib64]
  collapse library dir [/usr/pic1/packages/gcc/lib/gcc/x86_64-unknown-linux-gnu/5.1.0/../../..] ==> [/usr/pic1/packages/gcc/lib]
  implicit libs: [stdc++;m;c]
  implicit dirs: [/usr/pic1/packages/gcc/lib/gcc/x86_64-unknown-linux-gnu/5.1.0;/usr/pic1/packages/gcc/lib64;/lib64;/usr/lib64;/usr/pic1/packages/gcc/lib]
  implicit fwks: []




Detecting CXX [-std=c++14] compiler features compiled with the following output:
Change Dir: /usr/pic1/Projects/SourceArea/CodeSamples/Json/CMakeFiles/CMakeTmp

Run Build Command:"/usr/bin/gmake" "cmTC_58219/fast"
/usr/bin/gmake -f CMakeFiles/cmTC_58219.dir/build.make CMakeFiles/cmTC_58219.dir/build
gmake[1]: Entering directory `/usr/pic1/Projects/SourceArea/CodeSamples/Json/CMakeFiles/CMakeTmp'
Building CXX object CMakeFiles/cmTC_58219.dir/feature_tests.cxx.o
/usr/pic1/packages/gcc/bin/g++    -std=c++14 -o CMakeFiles/cmTC_58219.dir/feature_tests.cxx.o -c /usr/pic1/Projects/SourceArea/CodeSamples/Json/CMakeFiles/feature_tests.cxx
Linking CXX executable cmTC_58219
/usr/pic1/packages/gcc/bin/cmake -E cmake_link_script CMakeFiles/cmTC_58219.dir/link.txt --verbose=1
/usr/pic1/packages/gcc/bin/g++        CMakeFiles/cmTC_58219.dir/feature_tests.cxx.o  -o cmTC_58219 -rdynamic 
gmake[1]: Leaving directory `/usr/pic1/Projects/SourceArea/CodeSamples/Json/CMakeFiles/CMakeTmp'


    Feature record: CXX_FEATURE:1cxx_aggregate_default_initializers
    Feature record: CXX_FEATURE:1cxx_alias_templates
    Feature record: CXX_FEATURE:1cxx_alignas
    Feature record: CXX_FEATURE:1cxx_alignof
    Feature record: CXX_FEATURE:1cxx_attributes
    Feature record: CXX_FEATURE:1cxx_attribute_deprecated
    Feature record: CXX_FEATURE:1cxx_auto_type
    Feature record: CXX_FEATURE:1cxx_binary_literals
    Feature record: CXX_FEATURE:1cxx_constexpr
    Feature record: CXX_FEATURE:1cxx_contextual_conversions
    Feature record: CXX_FEATURE:1cxx_decltype
    Feature record: CXX_FEATURE:1cxx_decltype_auto
    Feature record: CXX_FEATURE:1cxx_decltype_incomplete_return_types
    Feature record: CXX_FEATURE:1cxx_default_function_template_args
    Feature record: CXX_FEATURE:1cxx_defaulted_functions
    Feature record: CXX_FEATURE:1cxx_defaulted_move_initializers
    Feature record: CXX_FEATURE:1cxx_delegating_constructors
    Feature record: CXX_FEATURE:1cxx_deleted_functions
    Feature record: CXX_FEATURE:1cxx_digit_separators
    Feature record: CXX_FEATURE:1cxx_enum_forward_declarations
    Feature record: CXX_FEATURE:1cxx_explicit_conversions
    Feature record: CXX_FEATURE:1cxx_extended_friend_declarations
    Feature record: CXX_FEATURE:1cxx_extern_templates
    Feature record: CXX_FEATURE:1cxx_final
    Feature record: CXX_FEATURE:1cxx_func_identifier
    Feature record: CXX_FEATURE:1cxx_generalized_initializers
    Feature record: CXX_FEATURE:1cxx_generic_lambdas
    Feature record: CXX_FEATURE:1cxx_inheriting_constructors
    Feature record: CXX_FEATURE:1cxx_inline_namespaces
    Feature record: CXX_FEATURE:1cxx_lambdas
    Feature record: CXX_FEATURE:1cxx_lambda_init_captures
    Feature record: CXX_FEATURE:1cxx_local_type_template_args
    Feature record: CXX_FEATURE:1cxx_long_long_type
    Feature record: CXX_FEATURE:1cxx_noexcept
    Feature record: CXX_FEATURE:1cxx_nonstatic_member_init
    Feature record: CXX_FEATURE:1cxx_nullptr
    Feature record: CXX_FEATURE:1cxx_override
    Feature record: CXX_FEATURE:1cxx_range_for
    Feature record: CXX_FEATURE:1cxx_raw_string_literals
    Feature record: CXX_FEATURE:1cxx_reference_qualified_functions
    Feature record: CXX_FEATURE:1cxx_relaxed_constexpr
    Feature record: CXX_FEATURE:1cxx_return_type_deduction
    Feature record: CXX_FEATURE:1cxx_right_angle_brackets
    Feature record: CXX_FEATURE:1cxx_rvalue_references
    Feature record: CXX_FEATURE:1cxx_sizeof_member
    Feature record: CXX_FEATURE:1cxx_static_assert
    Feature record: CXX_FEATURE:1cxx_strong_enums
    Feature record: CXX_FEATURE:1cxx_template_template_parameters
    Feature record: CXX_FEATURE:1cxx_thread_local
    Feature record: CXX_FEATURE:1cxx_trailing_return_types
    Feature record: CXX_FEATURE:1cxx_unicode_literals
    Feature record: CXX_FEATURE:1cxx_uniform_initialization
    Feature record: CXX_FEATURE:1cxx_unrestricted_unions
    Feature record: CXX_FEATURE:1cxx_user_literals
    Feature record: CXX_FEATURE:1cxx_variable_templates
    Feature record: CXX_FEATURE:1cxx_variadic_macros
    Feature record: CXX_FEATURE:1cxx_variadic_templates


Detecting CXX [-std=c++11] compiler features compiled with the following output:
Change Dir: /usr/pic1/Projects/SourceArea/CodeSamples/Json/CMakeFiles/CMakeTmp

Run Build Command:"/usr/bin/gmake" "cmTC_ebb3c/fast"
/usr/bin/gmake -f CMakeFiles/cmTC_ebb3c.dir/build.make CMakeFiles/cmTC_ebb3c.dir/build
gmake[1]: Entering directory `/usr/pic1/Projects/SourceArea/CodeSamples/Json/CMakeFiles/CMakeTmp'
Building CXX object CMakeFiles/cmTC_ebb3c.dir/feature_tests.cxx.o
/usr/pic1/packages/gcc/bin/g++    -std=c++11 -o CMakeFiles/cmTC_ebb3c.dir/feature_tests.cxx.o -c /usr/pic1/Projects/SourceArea/CodeSamples/Json/CMakeFiles/feature_tests.cxx
Linking CXX executable cmTC_ebb3c
/usr/pic1/packages/gcc/bin/cmake -E cmake_link_script CMakeFiles/cmTC_ebb3c.dir/link.txt --verbose=1
/usr/pic1/packages/gcc/bin/g++        CMakeFiles/cmTC_ebb3c.dir/feature_tests.cxx.o  -o cmTC_ebb3c -rdynamic 
gmake[1]: Leaving directory `/usr/pic1/Projects/SourceArea/CodeSamples/Json/CMakeFiles/CMakeTmp'


    Feature record: CXX_FEATURE:0cxx_aggregate_default_initializers
    Feature record: CXX_FEATURE:1cxx_alias_templates
    Feature record: CXX_FEATURE:1cxx_alignas
    Feature record: CXX_FEATURE:1cxx_alignof
    Feature record: CXX_FEATURE:1cxx_attributes
    Feature record: CXX_FEATURE:0cxx_attribute_deprecated
    Feature record: CXX_FEATURE:1cxx_auto_type
    Feature record: CXX_FEATURE:0cxx_binary_literals
    Feature record: CXX_FEATURE:1cxx_constexpr
    Feature record: CXX_FEATURE:0cxx_contextual_conversions
    Feature record: CXX_FEATURE:1cxx_decltype
    Feature record: CXX_FEATURE:0cxx_decltype_auto
    Feature record: CXX_FEATURE:1cxx_decltype_incomplete_return_types
    Feature record: CXX_FEATURE:1cxx_default_function_template_args
    Feature record: CXX_FEATURE:1cxx_defaulted_functions
    Feature record: CXX_FEATURE:1cxx_defaulted_move_initializers
    Feature record: CXX_FEATURE:1cxx_delegating_constructors
    Feature record: CXX_FEATURE:1cxx_deleted_functions
    Feature record: CXX_FEATURE:0cxx_digit_separators
    Feature record: CXX_FEATURE:1cxx_enum_forward_declarations
    Feature record: CXX_FEATURE:1cxx_explicit_conversions
    Feature record: CXX_FEATURE:1cxx_extended_friend_declarations
    Feature record: CXX_FEATURE:1cxx_extern_templates
    Feature record: CXX_FEATURE:1cxx_final
    Feature record: CXX_FEATURE:1cxx_func_identifier
    Feature record: CXX_FEATURE:1cxx_generalized_initializers
    Feature record: CXX_FEATURE:0cxx_generic_lambdas
    Feature record: CXX_FEATURE:1cxx_inheriting_constructors
    Feature record: CXX_FEATURE:1cxx_inline_namespaces
    Feature record: CXX_FEATURE:1cxx_lambdas
    Feature record: CXX_FEATURE:0cxx_lambda_init_captures
    Feature record: CXX_FEATURE:1cxx_local_type_template_args
    Feature record: CXX_FEATURE:1cxx_long_long_type
    Feature record: CXX_FEATURE:1cxx_noexcept
    Feature record: CXX_FEATURE:1cxx_nonstatic_member_init
    Feature record: CXX_FEATURE:1cxx_nullptr
    Feature record: CXX_FEATURE:1cxx_override
    Feature record: CXX_FEATURE:1cxx_range_for
    Feature record: CXX_FEATURE:1cxx_raw_string_literals
    Feature record: CXX_FEATURE:1cxx_reference_qualified_functions
    Feature record: CXX_FEATURE:0cxx_relaxed_constexpr
    Feature record: CXX_FEATURE:0cxx_return_type_deduction
    Feature record: CXX_FEATURE:1cxx_right_angle_brackets
    Feature record: CXX_FEATURE:1cxx_rvalue_references
    Feature record: CXX_FEATURE:1cxx_sizeof_member
    Feature record: CXX_FEATURE:1cxx_static_assert
    Feature record: CXX_FEATURE:1cxx_strong_enums
    Feature record: CXX_FEATURE:1cxx_template_template_parameters
    Feature record: CXX_FEATURE:1cxx_thread_local
    Feature record: CXX_FEATURE:1cxx_trailing_return_types
    Feature record: CXX_FEATURE:1cxx_unicode_literals
    Feature record: CXX_FEATURE:1cxx_uniform_initialization
    Feature record: CXX_FEATURE:1cxx_unrestricted_unions
    Feature record: CXX_FEATURE:1cxx_user_literals
    Feature record: CXX_FEATURE:0cxx_variable_templates
    Feature record: CXX_FEATURE:1cxx_variadic_macros
    Feature record: CXX_FEATURE:1cxx_variadic_templates


Detecting CXX [-std=c++98] compiler features compiled with the following output:
Change Dir: /usr/pic1/Projects/SourceArea/CodeSamples/Json/CMakeFiles/CMakeTmp

Run Build Command:"/usr/bin/gmake" "cmTC_c3a86/fast"
/usr/bin/gmake -f CMakeFiles/cmTC_c3a86.dir/build.make CMakeFiles/cmTC_c3a86.dir/build
gmake[1]: Entering directory `/usr/pic1/Projects/SourceArea/CodeSamples/Json/CMakeFiles/CMakeTmp'
Building CXX object CMakeFiles/cmTC_c3a86.dir/feature_tests.cxx.o
/usr/pic1/packages/gcc/bin/g++    -std=c++98 -o CMakeFiles/cmTC_c3a86.dir/feature_tests.cxx.o -c /usr/pic1/Projects/SourceArea/CodeSamples/Json/CMakeFiles/feature_tests.cxx
Linking CXX executable cmTC_c3a86
/usr/pic1/packages/gcc/bin/cmake -E cmake_link_script CMakeFiles/cmTC_c3a86.dir/link.txt --verbose=1
/usr/pic1/packages/gcc/bin/g++        CMakeFiles/cmTC_c3a86.dir/feature_tests.cxx.o  -o cmTC_c3a86 -rdynamic 
gmake[1]: Leaving directory `/usr/pic1/Projects/SourceArea/CodeSamples/Json/CMakeFiles/CMakeTmp'


    Feature record: CXX_FEATURE:0cxx_aggregate_default_initializers
    Feature record: CXX_FEATURE:0cxx_alias_templates
    Feature record: CXX_FEATURE:0cxx_alignas
    Feature record: CXX_FEATURE:0cxx_alignof
    Feature record: CXX_FEATURE:0cxx_attributes
    Feature record: CXX_FEATURE:0cxx_attribute_deprecated
    Feature record: CXX_FEATURE:0cxx_auto_type
    Feature record: CXX_FEATURE:0cxx_binary_literals
    Feature record: CXX_FEATURE:0cxx_constexpr
    Feature record: CXX_FEATURE:0cxx_contextual_conversions
    Feature record: CXX_FEATURE:0cxx_decltype
    Feature record: CXX_FEATURE:0cxx_decltype_auto
    Feature record: CXX_FEATURE:0cxx_decltype_incomplete_return_types
    Feature record: CXX_FEATURE:0cxx_default_function_template_args
    Feature record: CXX_FEATURE:0cxx_defaulted_functions
    Feature record: CXX_FEATURE:0cxx_defaulted_move_initializers
    Feature record: CXX_FEATURE:0cxx_delegating_constructors
    Feature record: CXX_FEATURE:0cxx_deleted_functions
    Feature record: CXX_FEATURE:0cxx_digit_separators
    Feature record: CXX_FEATURE:0cxx_enum_forward_declarations
    Feature record: CXX_FEATURE:0cxx_explicit_conversions
    Feature record: CXX_FEATURE:0cxx_extended_friend_declarations
    Feature record: CXX_FEATURE:0cxx_extern_templates
    Feature record: CXX_FEATURE:0cxx_final
    Feature record: CXX_FEATURE:0cxx_func_identifier
    Feature record: CXX_FEATURE:0cxx_generalized_initializers
    Feature record: CXX_FEATURE:0cxx_generic_lambdas
    Feature record: CXX_FEATURE:0cxx_inheriting_constructors
    Feature record: CXX_FEATURE:0cxx_inline_namespaces
    Feature record: CXX_FEATURE:0cxx_lambdas
    Feature record: CXX_FEATURE:0cxx_lambda_init_captures
    Feature record: CXX_FEATURE:0cxx_local_type_template_args
    Feature record: CXX_FEATURE:0cxx_long_long_type
    Feature record: CXX_FEATURE:0cxx_noexcept
    Feature record: CXX_FEATURE:0cxx_nonstatic_member_init
    Feature record: CXX_FEATURE:0cxx_nullptr
    Feature record: CXX_FEATURE:0cxx_override
    Feature record: CXX_FEATURE:0cxx_range_for
    Feature record: CXX_FEATURE:0cxx_raw_string_literals
    Feature record: CXX_FEATURE:0cxx_reference_qualified_functions
    Feature record: CXX_FEATURE:0cxx_relaxed_constexpr
    Feature record: CXX_FEATURE:0cxx_return_type_deduction
    Feature record: CXX_FEATURE:0cxx_right_angle_brackets
    Feature record: CXX_FEATURE:0cxx_rvalue_references
    Feature record: CXX_FEATURE:0cxx_sizeof_member
    Feature record: CXX_FEATURE:0cxx_static_assert
    Feature record: CXX_FEATURE:0cxx_strong_enums
    Feature record: CXX_FEATURE:1cxx_template_template_parameters
    Feature record: CXX_FEATURE:0cxx_thread_local
    Feature record: CXX_FEATURE:0cxx_trailing_return_types
    Feature record: CXX_FEATURE:0cxx_unicode_literals
    Feature record: CXX_FEATURE:0cxx_uniform_initialization
    Feature record: CXX_FEATURE:0cxx_unrestricted_unions
    Feature record: CXX_FEATURE:0cxx_user_literals
    Feature record: CXX_FEATURE:0cxx_variable_templates
    Feature record: CXX_FEATURE:0cxx_variadic_macros
    Feature record: CXX_FEATURE:0cxx_variadic_templates
